-----------------------
479615345917356869889 442721857769891091127 276701161108416935552
387381625548041125224 534955578135117939935 405828369620387847560
332041393324400857428 184467440736543186001 313594649251980101408
-----------------------
-51722919772595304357513232495103606833271 -53764613973776254733320461327461433296965 -42535295865084653536406050314199679854713
-62952237880265387785381130850283697395791 -57848002376026927115514727322161121558228 -53424331605890537191375865562639500431725
-42195013498368367765709327774595995400479 -40833884030155451869888220874953011982816 -25180895151713560895256477520360001613916
-----------------------
55806308175140305616929171916896560825436 46278401901380324565556093071508023084797 29944848289712230810683902806974333116231
59209131844009978740995563262965296930989 57167437642701309682140098121362364825899 45597837167583225365030052615842808888339
35729648526003191857857801528258544055099 29604565921863787052281211514973372258626 31646260123555116928871692439201937190967
-----------------------
51722919772595304357716146679912796875380 53764613973776254733449588535976881596643 42535295865084653536535177522717580389339
62952237880265387785547151546947104201800 57848002376026927115680748018823872956652 53424331605890537191412759050787020114731
42195013498368367765746221262742147531128 40833884030155451869962007851249031433943 25180895151713560895404051472950001814947
-----------------------
276701161108166827780 313594649254442791449 147573952590516400926
221360928884634319215 368934881472366541511 368934881472868164554
295147905178248726779 110680464440523734874 166020696661979900377
-----------------------
-55340232217421604810 18446744073858586610 -92233720369797073198
-55340232219564642401 18446744073761990737 129127208513887416837
92233720368025249069 -36893488148418677885 -55340232222476042342
-----------------------
73786976298976785671 147573952593529769091 110680464438689784590
92233720366692235886 202914184809615143087 202914184811542154947
166020696666022677840 166020696658310610348 18446744071979699346
-----------------------
-424275113693750131036 -239807672955067580483 -184467440741491591182
-332041393329863620019 -332041393326163033659 -36893488144985401144
-36893488142410293955 -110680464446716713864 -313594649253068819063
-----------------------
42875578232871035828832915092000553172399 50361790304430966777038285859998233801226 33347671958102123734573194261917974273795
58188284743621214240262668782303973107239 56486872908811155516054494298556281442805 50021507936698032027036683336390813815612
35049083792644071165438314831112883830207 29264283554879938497720337816639240781122 19396094914284174463362951621732129459750
-----------------------
51722919772595304357310318310294416791162 53764613973776254733191334118945984997287 42535295865084653536276923105681779320087
62952237880265387785215110153620290589782 57848002376026927115348706625498370159804 53424331605890537191338972074491980748719
42195013498368367765672434286449843269830 40833884030155451869814433898656992531689 25180895151713560895108903567770001412885
-----------------------
57848002376598057509708665062314937374050 52403484506140684525899102740362059723687 39132472196353398952753813350131768239238
60570261311015695930900094899996568030566 59889696577803364104658898797927143302491 51042355038300825941473324955756163010514
48660378469141117435771454241731963209697 39132472195604479421851873883546727353691 35049083793170403979985856260922945398341
-----------------------
50702072671725970874996441601199491752589 46958966635529065938193314957590634614756 35729648526623585993421653005602322186218
46958966635529065938193314957590634614756 57167437642407234773485839125516697893429 39472754562433532791033165878737344100725
35729648526623585993421653005602322186218 39472754562433532791033165878737344100725 37431060360507841950439043573740508622554
-----------------------
50702072671725970874922654624906700100961 46958966635529065938230208445740322220239 35729648526623585993403206261526834591090
46958966635529065938137974725368019964354 57167437642407234773504285869589799647355 39472754562433532791199186575401285482430
35729648526623585993550780214120241402630 39472754562433532791033165878734247611230 37431060360507841950365256597444964163211
-----------------------
112633463451795327209446289989554841890554 112293181083788324853770033356333188266007 83369179895381109320284263993647151142233
110591769249687019516300979619341325351582 114334875284641149898599822074144960670536 90515109599924845336860334266824671939143
74862120722694081450565789874147124153004 65334214448476119183417150924308991270677 52403484505296047487791906125839083002108
-----------------------
-15652988876919426731938658857259529851986 -8847341539267600592399767880814484316726 17354400713229255468065680747295978434710
5784800237734314173373701207594519123915 6125082604287381937893319663176539261588 25521177518208814732183396224155087464918
-7826494439514438057350891333573185437229 7826494438480624329171549035503760253452 -4083388403541453376869415225971661649081
-----------------------
498062089998912050750 498062089998391495137 571849066281205887501
534955578134056670400 756316507018495073759 442721857769704998021
313594649254552543780 608742554422547539787 276701161101483758412
-----------------------
57167437644065159037269943932752940201508 88473415399469917151769255874205541685591 53764613972719529048346414398829593903615
75542685456840262976422019403120570095284 117737698953628146441096466130726220076967 48320096101312667497336779193912860878956
47979813736428568001024941724951976153207 64313367347032105810251640991449335379869 45257554800353962368087058191909395410668
-----------------------
155168759317785913072336783300501630457704 161293841921328764199832256773868851591217 127605887595253960609089023734081139029513
188856713640796163355977371854187685381364 173544007128080781346378161269820613276260 160272994817671611574090703199770981612169
126585040495105103297091089835641834070788 122501652090466355609590875648563016497321 75542685455140682685621858608490004640717
-----------------------
73786976298976785671 55340232221227513206 258254417032096596130
184467440738994491771 202914184809615143087 36893488144504283747
18446744072615866300 332041393325348481548 18446744071979699346
-----------------------
41514448764570098090661333485676542188634 62271673146234700299069701512405214302920 36069930893303457892534900604261416760655
54445178707684049639050419457945658101426 64653649714634566974440752587908636084590 35049083792521034309762269697809869080740
49000660836927863998686017497568867598485 61931390779596814635008996647143282290112 28583718821131127302665842429977610090627